<?xml version="1.0" encoding="UTF-8"?>
<testsuite xmlns:xsi="http://www.w3.org/2001/XMLSchema-instance" xsi:noNamespaceSchemaLocation="https://maven.apache.org/surefire/maven-surefire-plugin/xsd/surefire-test-report.xsd" version="3.0.2" name="io.jclaw.plugin.HookRunnerSpec" time="0.038" tests="7" errors="0" skipped="0" failures="0">
  <properties>
[...]
</properties>
  <testcase name="fireVoid calls all handlers" classname="io.jclaw.plugin.HookRunnerSpec" time="0.022"/>
  <testcase name="fireVoid does not block on handler exception" classname="io.jclaw.plugin.HookRunnerSpec" time="0.003"/>
  <testcase name="fireVoid with no handlers is a no-op" classname="io.jclaw.plugin.HookRunnerSpec" time="0.001"/>
  <testcase name="fireModifying chains handlers in priority order" classname="io.jclaw.plugin.HookRunnerSpec" time="0.006"/>
  <testcase name="fireModifying returns original when no handlers" classname="io.jclaw.plugin.HookRunnerSpec" time="0.0"/>
  <testcase name="fireModifying skips handler on exception and continues" classname="io.jclaw.plugin.HookRunnerSpec" time="0.002"/>
  <testcase name="hasHandlers returns correct state" classname="io.jclaw.plugin.HookRunnerSpec" time="0.002"/>
</testsuite>