<?xml version="1.0" encoding="UTF-8"?>
<testsuite xmlns:xsi="http://www.w3.org/2001/XMLSchema-instance" xsi:noNamespaceSchemaLocation="https://maven.apache.org/surefire/maven-surefire-plugin/xsd/surefire-test-report.xsd" version="3.0.2" name="io.jclaw.tools.builtin.BuiltinToolsSpec" time="0.181" tests="17" errors="0" skipped="0" failures="0">
  <properties>
[...]
</properties>
  <testcase name="BuiltinTools.all() returns 5 tools" classname="io.jclaw.tools.builtin.BuiltinToolsSpec" time="0.13"/>
  <testcase name="BuiltinTools.registerAll populates registry" classname="io.jclaw.tools.builtin.BuiltinToolsSpec" time="0.002"/>
  <testcase name="FileReadTool reads file content with line numbers" classname="io.jclaw.tools.builtin.BuiltinToolsSpec" time="0.007"/>
  <testcase name="FileReadTool respects offset and limit" classname="io.jclaw.tools.builtin.BuiltinToolsSpec" time="0.007"/>
  <testcase name="FileReadTool returns error for nonexistent file" classname="io.jclaw.tools.builtin.BuiltinToolsSpec" time="0.002"/>
  <testcase name="FileReadTool is in MINIMAL profile" classname="io.jclaw.tools.builtin.BuiltinToolsSpec" time="0.001"/>
  <testcase name="FileReadTool section is Files" classname="io.jclaw.tools.builtin.BuiltinToolsSpec" time="0.001"/>
  <testcase name="FileWriteTool writes content to file" classname="io.jclaw.tools.builtin.BuiltinToolsSpec" time="0.004"/>
  <testcase name="FileWriteTool creates parent directories" classname="io.jclaw.tools.builtin.BuiltinToolsSpec" time="0.001"/>
  <testcase name="FileWriteTool returns error when content is missing" classname="io.jclaw.tools.builtin.BuiltinToolsSpec" time="0.002"/>
  <testcase name="FileWriteTool is NOT in MINIMAL profile" classname="io.jclaw.tools.builtin.BuiltinToolsSpec" time="0.001"/>
  <testcase name="ShellExecTool executes a command and returns output" classname="io.jclaw.tools.builtin.BuiltinToolsSpec" time="0.008"/>
  <testcase name="ShellExecTool returns error for failing command" classname="io.jclaw.tools.builtin.BuiltinToolsSpec" time="0.007"/>
  <testcase name="ShellExecTool returns error when command is missing" classname="io.jclaw.tools.builtin.BuiltinToolsSpec" time="0.001"/>
  <testcase name="all built-in tools have non-blank input schemas" classname="io.jclaw.tools.builtin.BuiltinToolsSpec" time="0.003"/>
  <testcase name="all built-in tools have non-blank names and descriptions" classname="io.jclaw.tools.builtin.BuiltinToolsSpec" time="0.002"/>
  <testcase name="all built-in tools are available in FULL profile" classname="io.jclaw.tools.builtin.BuiltinToolsSpec" time="0.002"/>
</testsuite>