<?xml version="1.0" encoding="UTF-8"?>
<testsuite xmlns:xsi="http://www.w3.org/2001/XMLSchema-instance" xsi:noNamespaceSchemaLocation="https://maven.apache.org/surefire/maven-surefire-plugin/xsd/surefire-test-report.xsd" version="3.0.2" name="io.jclaw.channel.slack.SlackAdapterSpec" time="0.454" tests="11" errors="0" skipped="0" failures="0">
  <properties>
[...]
</properties>
  <testcase name="channelId is slack" classname="io.jclaw.channel.slack.SlackAdapterSpec" time="0.331"/>
  <testcase name="webhook mode registers webhook and sets running" classname="io.jclaw.channel.slack.SlackAdapterSpec" time="0.052">
    <system-out><![CDATA[09:52:58.597 [main] INFO io.jclaw.gateway.WebhookDispatcher -- Registered webhook handler for channel: slack
09:52:58.598 [main] INFO io.jclaw.channel.slack.SlackAdapter -- Slack adapter started in WEBHOOK mode (Events API)
]]></system-out>
  </testcase>
  <testcase name="stop clears running state" classname="io.jclaw.channel.slack.SlackAdapterSpec" time="0.007">
    <system-out><![CDATA[09:52:58.606 [main] INFO io.jclaw.gateway.WebhookDispatcher -- Registered webhook handler for channel: slack
09:52:58.606 [main] INFO io.jclaw.channel.slack.SlackAdapter -- Slack adapter started in WEBHOOK mode (Events API)
09:52:58.606 [main] INFO io.jclaw.channel.slack.SlackAdapter -- Slack adapter stopped
]]></system-out>
  </testcase>
  <testcase name="webhook handles url_verification challenge" classname="io.jclaw.channel.slack.SlackAdapterSpec" time="0.02">
    <system-out><![CDATA[09:52:58.612 [main] INFO io.jclaw.gateway.WebhookDispatcher -- Registered webhook handler for channel: slack
09:52:58.612 [main] INFO io.jclaw.channel.slack.SlackAdapter -- Slack adapter started in WEBHOOK mode (Events API)
]]></system-out>
  </testcase>
  <testcase name="webhook parses message event and dispatches to handler" classname="io.jclaw.channel.slack.SlackAdapterSpec" time="0.021">
    <system-out><![CDATA[09:52:58.634 [main] INFO io.jclaw.gateway.WebhookDispatcher -- Registered webhook handler for channel: slack
09:52:58.634 [main] INFO io.jclaw.channel.slack.SlackAdapter -- Slack adapter started in WEBHOOK mode (Events API)
]]></system-out>
  </testcase>
  <testcase name="webhook ignores bot messages" classname="io.jclaw.channel.slack.SlackAdapterSpec" time="0.003">
    <system-out><![CDATA[09:52:58.652 [main] INFO io.jclaw.gateway.WebhookDispatcher -- Registered webhook handler for channel: slack
09:52:58.652 [main] INFO io.jclaw.channel.slack.SlackAdapter -- Slack adapter started in WEBHOOK mode (Events API)
]]></system-out>
  </testcase>
  <testcase name="webhook ignores message subtypes" classname="io.jclaw.channel.slack.SlackAdapterSpec" time="0.003">
    <system-out><![CDATA[09:52:58.656 [main] INFO io.jclaw.gateway.WebhookDispatcher -- Registered webhook handler for channel: slack
09:52:58.656 [main] INFO io.jclaw.channel.slack.SlackAdapter -- Slack adapter started in WEBHOOK mode (Events API)
]]></system-out>
  </testcase>
  <testcase name="config defaults handle nulls" classname="io.jclaw.channel.slack.SlackAdapterSpec" time="0.003"/>
  <testcase name="config useSocketMode returns true when appToken is set" classname="io.jclaw.channel.slack.SlackAdapterSpec" time="0.005"/>
  <testcase name="3-arg constructor defaults to webhook mode" classname="io.jclaw.channel.slack.SlackAdapterSpec" time="0.002"/>
  <testcase name="4-arg constructor with null appToken defaults to empty" classname="io.jclaw.channel.slack.SlackAdapterSpec" time="0.003"/>
</testsuite>