<?xml version="1.0" encoding="UTF-8"?>
<testsuite xmlns:xsi="http://www.w3.org/2001/XMLSchema-instance" xsi:noNamespaceSchemaLocation="https://maven.apache.org/surefire/maven-surefire-plugin/xsd/surefire-test-report.xsd" version="3.0.2" name="io.jclaw.channel.DeliveryResultSpec" time="0.01" tests="4" errors="0" skipped="0" failures="0">
  <properties>
[...]
</properties>
  <testcase name="Success carries platform message ID" classname="io.jclaw.channel.DeliveryResultSpec" time="0.003"/>
  <testcase name="Success with platform data" classname="io.jclaw.channel.DeliveryResultSpec" time="0.002"/>
  <testcase name="Failure carries error details" classname="io.jclaw.channel.DeliveryResultSpec" time="0.004"/>
  <testcase name="pattern matching on sealed interface" classname="io.jclaw.channel.DeliveryResultSpec" time="0.001"/>
</testsuite>