<?xml version="1.0" encoding="UTF-8"?>
<testsuite xmlns:xsi="http://www.w3.org/2001/XMLSchema-instance" xsi:noNamespaceSchemaLocation="https://maven.apache.org/surefire/maven-surefire-plugin/xsd/surefire-test-report.xsd" version="3.0.2" name="io.jclaw.channel.discord.DiscordAdapterSpec" time="0.4" tests="9" errors="0" skipped="0" failures="0">
  <properties>
[...]
</properties>
  <testcase name="channelId is discord" classname="io.jclaw.channel.discord.DiscordAdapterSpec" time="0.302"/>
  <testcase name="webhook mode registers webhook and sets running" classname="io.jclaw.channel.discord.DiscordAdapterSpec" time="0.022">
    <system-out><![CDATA[09:52:59.836 [main] INFO io.jclaw.gateway.WebhookDispatcher -- Registered webhook handler for channel: discord
09:52:59.839 [main] INFO io.jclaw.channel.discord.DiscordAdapter -- Discord adapter started in WEBHOOK mode (Interactions)
]]></system-out>
  </testcase>
  <testcase name="stop clears running state" classname="io.jclaw.channel.discord.DiscordAdapterSpec" time="0.008">
    <system-out><![CDATA[09:52:59.848 [main] INFO io.jclaw.gateway.WebhookDispatcher -- Registered webhook handler for channel: discord
09:52:59.848 [main] INFO io.jclaw.channel.discord.DiscordAdapter -- Discord adapter started in WEBHOOK mode (Interactions)
09:52:59.849 [main] INFO io.jclaw.channel.discord.DiscordAdapter -- Discord adapter stopped
]]></system-out>
  </testcase>
  <testcase name="webhook handles PING verification" classname="io.jclaw.channel.discord.DiscordAdapterSpec" time="0.024">
    <system-out><![CDATA[09:52:59.856 [main] INFO io.jclaw.gateway.WebhookDispatcher -- Registered webhook handler for channel: discord
09:52:59.856 [main] INFO io.jclaw.channel.discord.DiscordAdapter -- Discord adapter started in WEBHOOK mode (Interactions)
]]></system-out>
  </testcase>
  <testcase name="webhook handles interaction with content" classname="io.jclaw.channel.discord.DiscordAdapterSpec" time="0.023">
    <system-out><![CDATA[09:52:59.882 [main] INFO io.jclaw.gateway.WebhookDispatcher -- Registered webhook handler for channel: discord
09:52:59.882 [main] INFO io.jclaw.channel.discord.DiscordAdapter -- Discord adapter started in WEBHOOK mode (Interactions)
]]></system-out>
  </testcase>
  <testcase name="webhook handles malformed JSON gracefully" classname="io.jclaw.channel.discord.DiscordAdapterSpec" time="0.005">
    <system-out><![CDATA[09:52:59.903 [main] INFO io.jclaw.gateway.WebhookDispatcher -- Registered webhook handler for channel: discord
09:52:59.904 [main] INFO io.jclaw.channel.discord.DiscordAdapter -- Discord adapter started in WEBHOOK mode (Interactions)
09:52:59.905 [main] ERROR io.jclaw.channel.discord.DiscordAdapter -- Failed to process Discord webhook
com.fasterxml.jackson.core.JsonParseException: Unrecognized token 'not': was expecting (JSON String, Number, Array, Object or token 'null', 'true' or 'false')
 at [Source: REDACTED (`StreamReadFeature.INCLUDE_SOURCE_IN_LOCATION` disabled); line: 1, column: 4]
	at com.fasterxml.jackson.core.JsonParser._constructError(JsonParser.java:2596)
	at com.fasterxml.jackson.core.JsonParser._constructReadException(JsonParser.java:2622)
	at com.fasterxml.jackson.core.JsonParser._constructReadException(JsonParser.java:2630)
	at com.fasterxml.jackson.core.base.ParserMinimalBase._reportError(ParserMinimalBase.java:830)
	at com.fasterxml.jackson.core.json.ReaderBasedJsonParser._reportInvalidToken(ReaderBasedJsonParser.java:3017)
	at com.fasterxml.jackson.core.json.ReaderBasedJsonParser._reportInvalidToken(ReaderBasedJsonParser.java:2995)
	at com.fasterxml.jackson.core.json.ReaderBasedJsonParser._matchToken(ReaderBasedJsonParser.java:2760)
	at com.fasterxml.jackson.core.json.ReaderBasedJsonParser._matchNull(ReaderBasedJsonParser.java:2746)
	at com.fasterxml.jackson.core.json.ReaderBasedJsonParser.nextToken(ReaderBasedJsonParser.java:750)
	at com.fasterxml.jackson.databind.ObjectMapper._readTreeAndClose(ObjectMapper.java:5000)
	at com.fasterxml.jackson.databind.ObjectMapper.readTree(ObjectMapper.java:3300)
	at io.jclaw.channel.discord.DiscordAdapter.handleWebhook(DiscordAdapter.java:378)
	at io.jclaw.gateway.WebhookDispatcher.dispatch(WebhookDispatcher.java:39)
	at org.codehaus.groovy.vmplugin.v8.IndyInterface.fromCache(IndyInterface.java:321)
	at io.jclaw.channel.discord.DiscordAdapterSpec.$spock_feature_0_5(DiscordAdapterSpec.groovy:94)
	at java.base/jdk.internal.reflect.DirectMethodHandleAccessor.invoke(DirectMethodHandleAccessor.java:103)
	at java.base/java.lang.reflect.Method.invoke(Method.java:580)
	at org.spockframework.util.ReflectionUtil.invokeMethod(ReflectionUtil.java:204)
	at org.spockframework.runtime.model.MethodInfo.lambda$new$0(MethodInfo.java:49)
	at org.spockframework.runtime.model.MethodInfo.invoke(MethodInfo.java:157)
	at org.spockframework.runtime.PlatformSpecRunner.invokeRaw(PlatformSpecRunner.java:439)
	at org.spockframework.runtime.PlatformSpecRunner.invoke(PlatformSpecRunner.java:422)
	at org.spockframework.runtime.PlatformSpecRunner.runFeatureMethod(PlatformSpecRunner.java:334)
	at org.spockframework.runtime.IterationNode.execute(IterationNode.java:51)
	at org.spockframework.runtime.IterationNode.execute(IterationNode.java:13)
	at org.junit.platform.engine.support.hierarchical.NodeTestTask.lambda$executeRecursively$6(NodeTestTask.java:156)
	at org.junit.platform.engine.support.hierarchical.ThrowableCollector.execute(ThrowableCollector.java:73)
	at org.junit.platform.engine.support.hierarchical.NodeTestTask.lambda$executeRecursively$8(NodeTestTask.java:146)
	at org.spockframework.runtime.SpockNode.sneakyInvoke(SpockNode.java:40)
	at org.spockframework.runtime.IterationNode.lambda$around$0(IterationNode.java:68)
	at org.spockframework.runtime.PlatformSpecRunner.lambda$createMethodInfoForDoRunIteration$5(PlatformSpecRunner.java:241)
	at org.spockframework.runtime.model.MethodInfo.invoke(MethodInfo.java:157)
	at org.spockframework.runtime.PlatformSpecRunner.invokeRaw(PlatformSpecRunner.java:439)
	at org.spockframework.runtime.PlatformSpecRunner.invoke(PlatformSpecRunner.java:422)
	at org.spockframework.runtime.PlatformSpecRunner.runIteration(PlatformSpecRunner.java:221)
	at org.spockframework.runtime.IterationNode.around(IterationNode.java:68)
	at org.spockframework.runtime.IterationNode.around(IterationNode.java:13)
	at org.junit.platform.engine.support.hierarchical.NodeTestTask.lambda$executeRecursively$9(NodeTestTask.java:144)
	at org.junit.platform.engine.support.hierarchical.ThrowableCollector.execute(ThrowableCollector.java:73)
	at org.junit.platform.engine.support.hierarchical.NodeTestTask.executeRecursively(NodeTestTask.java:143)
	at org.junit.platform.engine.support.hierarchical.NodeTestTask.execute(NodeTestTask.java:100)
	at org.junit.platform.engine.support.hierarchical.SameThreadHierarchicalTestExecutorService.submit(SameThreadHierarchicalTestExecutorService.java:35)
	at org.junit.platform.engine.support.hierarchical.NodeTestTask$DefaultDynamicTestExecutor.execute(NodeTestTask.java:231)
	at org.spockframework.runtime.SimpleFeatureNode.execute(SimpleFeatureNode.java:58)
	at org.spockframework.runtime.SimpleFeatureNode.execute(SimpleFeatureNode.java:19)
	at org.junit.platform.engine.support.hierarchical.NodeTestTask.lambda$executeRecursively$6(NodeTestTask.java:156)
	at org.junit.platform.engine.support.hierarchical.ThrowableCollector.execute(ThrowableCollector.java:73)
	at org.junit.platform.engine.support.hierarchical.NodeTestTask.lambda$executeRecursively$8(NodeTestTask.java:146)
	at org.spockframework.runtime.SpockNode.sneakyInvoke(SpockNode.java:40)
	at org.spockframework.runtime.FeatureNode.lambda$around$0(FeatureNode.java:73)
	at org.spockframework.runtime.PlatformSpecRunner.lambda$createMethodInfoForDoRunFeature$4(PlatformSpecRunner.java:203)
	at org.spockframework.runtime.model.MethodInfo.invoke(MethodInfo.java:157)
	at org.spockframework.runtime.PlatformSpecRunner.invokeRaw(PlatformSpecRunner.java:439)
	at org.spockframework.runtime.PlatformSpecRunner.invoke(PlatformSpecRunner.java:422)
	at org.spockframework.runtime.PlatformSpecRunner.runFeature(PlatformSpecRunner.java:193)
	at org.spockframework.runtime.FeatureNode.around(FeatureNode.java:73)
	at org.spockframework.runtime.FeatureNode.around(FeatureNode.java:30)
	at org.junit.platform.engine.support.hierarchical.NodeTestTask.lambda$executeRecursively$9(NodeTestTask.java:144)
	at org.junit.platform.engine.support.hierarchical.ThrowableCollector.execute(ThrowableCollector.java:73)
	at org.junit.platform.engine.support.hierarchical.NodeTestTask.executeRecursively(NodeTestTask.java:143)
	at org.junit.platform.engine.support.hierarchical.NodeTestTask.execute(NodeTestTask.java:100)
	at java.base/java.util.ArrayList.forEach(ArrayList.java:1596)
	at org.junit.platform.engine.support.hierarchical.SameThreadHierarchicalTestExecutorService.invokeAll(SameThreadHierarchicalTestExecutorService.java:41)
	at org.junit.platform.engine.support.hierarchical.NodeTestTask.lambda$executeRecursively$6(NodeTestTask.java:160)
	at org.junit.platform.engine.support.hierarchical.ThrowableCollector.execute(ThrowableCollector.java:73)
	at org.junit.platform.engine.support.hierarchical.NodeTestTask.lambda$executeRecursively$8(NodeTestTask.java:146)
	at org.spockframework.runtime.SpockNode.sneakyInvoke(SpockNode.java:40)
	at org.spockframework.runtime.SpecNode.lambda$around$0(SpecNode.java:72)
	at org.spockframework.runtime.PlatformSpecRunner.lambda$createMethodInfoForDoRunSpec$0(PlatformSpecRunner.java:66)
	at org.spockframework.runtime.model.MethodInfo.invoke(MethodInfo.java:157)
	at org.spockframework.runtime.PlatformSpecRunner.invokeRaw(PlatformSpecRunner.java:439)
	at org.spockframework.runtime.PlatformSpecRunner.invoke(PlatformSpecRunner.java:422)
	at org.spockframework.runtime.PlatformSpecRunner.runSpec(PlatformSpecRunner.java:59)
	at org.spockframework.runtime.SpecNode.around(SpecNode.java:72)
	at org.spockframework.runtime.SpecNode.around(SpecNode.java:12)
	at org.junit.platform.engine.support.hierarchical.NodeTestTask.lambda$executeRecursively$9(NodeTestTask.java:144)
	at org.junit.platform.engine.support.hierarchical.ThrowableCollector.execute(ThrowableCollector.java:73)
	at org.junit.platform.engine.support.hierarchical.NodeTestTask.executeRecursively(NodeTestTask.java:143)
	at org.junit.platform.engine.support.hierarchical.NodeTestTask.execute(NodeTestTask.java:100)
	at java.base/java.util.ArrayList.forEach(ArrayList.java:1596)
	at org.junit.platform.engine.support.hierarchical.SameThreadHierarchicalTestExecutorService.invokeAll(SameThreadHierarchicalTestExecutorService.java:41)
	at org.junit.platform.engine.support.hierarchical.NodeTestTask.lambda$executeRecursively$6(NodeTestTask.java:160)
	at org.junit.platform.engine.support.hierarchical.ThrowableCollector.execute(ThrowableCollector.java:73)
	at org.junit.platform.engine.support.hierarchical.NodeTestTask.lambda$executeRecursively$8(NodeTestTask.java:146)
	at org.junit.platform.engine.support.hierarchical.Node.around(Node.java:137)
	at org.junit.platform.engine.support.hierarchical.NodeTestTask.lambda$executeRecursively$9(NodeTestTask.java:144)
	at org.junit.platform.engine.support.hierarchical.ThrowableCollector.execute(ThrowableCollector.java:73)
	at org.junit.platform.engine.support.hierarchical.NodeTestTask.executeRecursively(NodeTestTask.java:143)
	at org.junit.platform.engine.support.hierarchical.NodeTestTask.execute(NodeTestTask.java:100)
	at org.junit.platform.engine.support.hierarchical.SameThreadHierarchicalTestExecutorService.submit(SameThreadHierarchicalTestExecutorService.java:35)
	at org.junit.platform.engine.support.hierarchical.HierarchicalTestExecutor.execute(HierarchicalTestExecutor.java:57)
	at org.junit.platform.engine.support.hierarchical.HierarchicalTestEngine.execute(HierarchicalTestEngine.java:54)
	at org.junit.platform.launcher.core.EngineExecutionOrchestrator.execute(EngineExecutionOrchestrator.java:201)
	at org.junit.platform.launcher.core.EngineExecutionOrchestrator.execute(EngineExecutionOrchestrator.java:170)
	at org.junit.platform.launcher.core.EngineExecutionOrchestrator.execute(EngineExecutionOrchestrator.java:94)
	at org.junit.platform.launcher.core.EngineExecutionOrchestrator.lambda$execute$0(EngineExecutionOrchestrator.java:59)
	at org.junit.platform.launcher.core.EngineExecutionOrchestrator.withInterceptedStreams(EngineExecutionOrchestrator.java:142)
	at org.junit.platform.launcher.core.EngineExecutionOrchestrator.execute(EngineExecutionOrchestrator.java:58)
	at org.junit.platform.launcher.core.DefaultLauncher.execute(DefaultLauncher.java:103)
	at org.junit.platform.launcher.core.DefaultLauncher.execute(DefaultLauncher.java:85)
	at org.junit.platform.launcher.core.DelegatingLauncher.execute(DelegatingLauncher.java:47)
	at org.junit.platform.launcher.core.InterceptingLauncher.lambda$execute$1(InterceptingLauncher.java:39)
	at org.junit.platform.launcher.core.ClasspathAlignmentCheckingLauncherInterceptor.intercept(ClasspathAlignmentCheckingLauncherInterceptor.java:25)
	at org.junit.platform.launcher.core.InterceptingLauncher.execute(InterceptingLauncher.java:38)
	at org.junit.platform.launcher.core.DelegatingLauncher.execute(DelegatingLauncher.java:47)
	at org.apache.maven.surefire.junitplatform.LazyLauncher.execute(LazyLauncher.java:56)
	at org.apache.maven.surefire.junitplatform.JUnitPlatformProvider.execute(JUnitPlatformProvider.java:184)
	at org.apache.maven.surefire.junitplatform.JUnitPlatformProvider.invokeAllTests(JUnitPlatformProvider.java:148)
	at org.apache.maven.surefire.junitplatform.JUnitPlatformProvider.invoke(JUnitPlatformProvider.java:122)
	at org.apache.maven.surefire.booter.ForkedBooter.runSuitesInProcess(ForkedBooter.java:385)
	at org.apache.maven.surefire.booter.ForkedBooter.execute(ForkedBooter.java:162)
	at org.apache.maven.surefire.booter.ForkedBooter.run(ForkedBooter.java:507)
	at org.apache.maven.surefire.booter.ForkedBooter.main(ForkedBooter.java:495)
]]></system-out>
  </testcase>
  <testcase name="config defaults handle nulls" classname="io.jclaw.channel.discord.DiscordAdapterSpec" time="0.003"/>
  <testcase name="3-arg constructor defaults to webhook mode" classname="io.jclaw.channel.discord.DiscordAdapterSpec" time="0.002"/>
  <testcase name="4-arg constructor with useGateway true" classname="io.jclaw.channel.discord.DiscordAdapterSpec" time="0.005"/>
</testsuite>