<?xml version="1.0" encoding="UTF-8"?>
<testsuite xmlns:xsi="http://www.w3.org/2001/XMLSchema-instance" xsi:noNamespaceSchemaLocation="https://maven.apache.org/surefire/maven-surefire-plugin/xsd/surefire-test-report.xsd" version="3.0.2" name="io.jclaw.shell.commands.setup.steps.TelegramStepSpec" time="0.025" tests="2" errors="0" skipped="0" failures="0">
  <properties>
[...]
</properties>
  <testcase name="name returns Telegram" classname="io.jclaw.shell.commands.setup.steps.TelegramStepSpec" time="0.002"/>
  <testcase name="sets disabled telegram config when user declines" classname="io.jclaw.shell.commands.setup.steps.TelegramStepSpec" time="0.022"/>
</testsuite>